<?xml version="1.0" encoding="UTF-8"?>
<!-- Generated by org.testng.reporters.JUnitReportReporter -->
<testsuite hostname="Nitins-MacBook-Pro.local" failures="0" tests="1" name="mobileScenarios.LognClickGesture" time="13.785" errors="0" timestamp="2025-03-12T16:09:13 IST" skipped="0">
  <testcase classname="mobileScenarios.LognClickGesture" name="testLongClickGesture" time="13.785"/>
</testsuite> <!-- mobileScenarios.LognClickGesture -->
