<?xml version="1.0" encoding="UTF-8"?>
<!-- Generated by org.testng.reporters.JUnitReportReporter -->
<testsuite hostname="Nitins-MacBook-Pro.local" failures="0" tests="1" name="DeviceScenario.WorkingWithAppCommands" time="14.439" errors="0" timestamp="2025-03-13T19:02:31 IST" skipped="0">
  <testcase classname="DeviceScenario.WorkingWithAppCommands" name="testAppCommands" time="14.439"/>
</testsuite> <!-- DeviceScenario.WorkingWithAppCommands -->
