<?xml version="1.0" encoding="UTF-8"?>
<!-- Generated by org.testng.reporters.JUnitReportReporter -->
<testsuite hostname="Nitins-MacBook-Pro.local" failures="0" tests="1" name="mobileScenarios.ClickGesture" time="5.787" errors="0" timestamp="2025-03-12T15:52:30 IST" skipped="0">
  <testcase classname="mobileScenarios.ClickGesture" name="testClickGesture" time="5.787"/>
</testsuite> <!-- mobileScenarios.ClickGesture -->
