<?xml version="1.0" encoding="UTF-8"?>
<!-- Generated by org.testng.reporters.JUnitReportReporter -->
<testsuite hostname="Nitins-MacBook-Pro.local" failures="0" tests="1" name="AndroidDevicesandAppiumFunctionsl.AndroidAutomationSpecificCommands" time="14.800" errors="0" timestamp="2025-03-13T21:42:28 IST" skipped="0">
  <testcase classname="AndroidDevicesandAppiumFunctionsl.AndroidAutomationSpecificCommands" name="testNetworkSetup" time="14.800"/>
</testsuite> <!-- AndroidDevicesandAppiumFunctionsl.AndroidAutomationSpecificCommands -->
