<?xml version="1.0" encoding="UTF-8"?>
<!-- Generated by org.testng.reporters.JUnitReportReporter -->
<testsuite hostname="Nitins-MacBook-Pro.local" failures="0" tests="1" name="AndroidDevicesandAppiumFunctionsl.realDeviceTest" time="8.341" errors="0" timestamp="2025-03-17T20:33:50 IST" skipped="0">
  <testcase classname="AndroidDevicesandAppiumFunctionsl.realDeviceTest" name="TestRealDevice" time="8.341"/>
</testsuite> <!-- AndroidDevicesandAppiumFunctionsl.realDeviceTest -->
