<?xml version="1.0" encoding="UTF-8"?>
<!-- Generated by org.testng.reporters.JUnitReportReporter -->
<testsuite hostname="Nitins-MacBook-Pro.local" failures="0" tests="1" name="MobileEvents.scrollGestures" time="9.750" errors="0" timestamp="2025-03-12T22:19:50 IST" skipped="0">
  <testcase classname="MobileEvents.scrollGestures" name="testScroll" time="9.750"/>
</testsuite> <!-- MobileEvents.scrollGestures -->
