<?xml version="1.0" encoding="UTF-8"?>
<!-- Generated by org.testng.reporters.JUnitReportReporter -->
<testsuite hostname="Nitins-MacBook-Pro.local" failures="0" tests="1" name="mobileScenarios.DragGesture" time="9.769" errors="0" timestamp="2025-03-12T17:21:12 IST" skipped="0">
  <testcase classname="mobileScenarios.DragGesture" name="testDragGesture" time="9.769"/>
</testsuite> <!-- mobileScenarios.DragGesture -->
