<?xml version="1.0" encoding="UTF-8"?>
<!-- Generated by org.testng.reporters.JUnitReportReporter -->
<testsuite hostname="Nitins-MacBook-Pro.local" failures="0" tests="1" name="MobileEvents.DragGestures" time="12.674" errors="0" timestamp="2025-03-17T20:34:35 IST" skipped="0">
  <testcase classname="MobileEvents.DragGestures" name="testDragGestures" time="12.674"/>
</testsuite> <!-- MobileEvents.DragGestures -->
