<?xml version="1.0" encoding="UTF-8"?>
<!-- Generated by org.testng.reporters.JUnitReportReporter -->
<testsuite hostname="Nitins-MacBook-Pro.local" failures="0" tests="1" name="CreateAppiumServerConnections.CreateAppiumSessionWithuiAutomation2Options" time="5.311" errors="0" timestamp="2025-03-10T22:38:19 IST" skipped="0">
  <testcase classname="CreateAppiumServerConnections.CreateAppiumSessionWithuiAutomation2Options" name="CreateUIAutomation2Options" time="5.311"/>
</testsuite> <!-- CreateAppiumServerConnections.CreateAppiumSessionWithuiAutomation2Options -->
