<?xml version="1.0" encoding="UTF-8"?>
<!-- Generated by org.testng.reporters.JUnitReportReporter -->
<testsuite hostname="Nitins-MacBook-Pro.local" failures="0" tests="1" name="mobileScenarios.appiumLocators" time="31.287" errors="0" timestamp="2025-03-12T15:30:50 IST" skipped="0">
  <testcase classname="mobileScenarios.appiumLocators" name="testLocator" time="31.287"/>
</testsuite> <!-- mobileScenarios.appiumLocators -->
