<?xml version="1.0" encoding="UTF-8"?>
<!-- Generated by org.testng.reporters.JUnitReportReporter -->
<testsuite hostname="Nitins-MacBook-Pro.local" failures="0" tests="1" name="mobileScenarios.SwipeGesture" time="9.829" errors="0" timestamp="2025-03-12T17:04:12 IST" skipped="0">
  <testcase classname="mobileScenarios.SwipeGesture" name="testSwipeGesture" time="9.829"/>
</testsuite> <!-- mobileScenarios.SwipeGesture -->
