<?xml version="1.0" encoding="UTF-8"?>
<!-- Generated by org.testng.reporters.JUnitReportReporter -->
<testsuite hostname="Nitins-MacBook-Pro.local" failures="0" tests="1" name="AndroidDevicesandAppiumFunctionsl.testPerformanceOfDevices" time="5.639" errors="0" timestamp="2025-03-13T22:12:14 IST" skipped="0">
  <testcase classname="AndroidDevicesandAppiumFunctionsl.testPerformanceOfDevices" name="testPerformance" time="5.639"/>
</testsuite> <!-- AndroidDevicesandAppiumFunctionsl.testPerformanceOfDevices -->
