<?xml version="1.0" encoding="UTF-8"?>
<!-- Generated by org.testng.reporters.JUnitReportReporter -->
<testsuite hostname="Nitins-MacBook-Pro.local" failures="0" tests="1" name="DeviceScenario.AutomationFoNetworkToggleSetup" time="19.071" errors="0" timestamp="2025-03-13T18:02:30 IST" skipped="0">
  <testcase classname="DeviceScenario.AutomationFoNetworkToggleSetup" name="testNetworkSetup" time="19.071"/>
</testsuite> <!-- DeviceScenario.AutomationFoNetworkToggleSetup -->
