<?xml version="1.0" encoding="UTF-8"?>
<!-- Generated by org.testng.reporters.JUnitReportReporter -->
<testsuite hostname="Nitins-MacBook-Pro.local" failures="0" tests="1" name="MobileEvents.scrollGestures" time="12.155" errors="0" timestamp="2025-03-13T20:13:40 IST" skipped="0">
  <testcase classname="MobileEvents.scrollGestures" name="testScroll" time="12.155"/>
</testsuite> <!-- MobileEvents.scrollGestures -->
