<?xml version="1.0" encoding="UTF-8"?>
<!-- Generated by org.testng.reporters.JUnitReportReporter -->
<testsuite hostname="Nitins-MacBook-Pro.local" failures="0" tests="1" name="MobileEvents.clickGestures" time="11.856" errors="0" timestamp="2025-03-12T21:54:12 IST" skipped="0">
  <testcase classname="MobileEvents.clickGestures" name="testClickGestures" time="11.856"/>
</testsuite> <!-- MobileEvents.clickGestures -->
