<?xml version="1.0" encoding="UTF-8"?>
<!-- Generated by org.testng.reporters.JUnitReportReporter -->
<testsuite hostname="Nitins-MacBook-Pro.local" failures="0" tests="1" name="MobileEvents.TypeTextInAppium" time="22.690" errors="0" timestamp="2025-03-13T21:07:19 IST" skipped="0">
  <testcase classname="MobileEvents.TypeTextInAppium" name="testTypetextOnFields" time="22.690"/>
</testsuite> <!-- MobileEvents.TypeTextInAppium -->
