<?xml version="1.0" encoding="UTF-8"?>
<!-- Generated by org.testng.reporters.JUnitReportReporter -->
<testsuite hostname="Nitins-MacBook-Pro.local" failures="0" tests="1" name="MobileEvents.AlertHandlingInAppium" time="10.815" errors="0" timestamp="2025-03-13T16:31:06 IST" skipped="0">
  <testcase classname="MobileEvents.AlertHandlingInAppium" name="testAlert" time="10.815"/>
</testsuite> <!-- MobileEvents.AlertHandlingInAppium -->
