<?xml version="1.0" encoding="UTF-8"?>
<!-- Generated by org.testng.reporters.JUnitReportReporter -->
<testsuite hostname="Nitins-MacBook-Pro.local" failures="0" tests="1" name="MobileEvents.longClickGestures" time="10.068" errors="0" timestamp="2025-03-12T22:02:19 IST" skipped="0">
  <testcase classname="MobileEvents.longClickGestures" name="testLongClick" time="10.068"/>
</testsuite> <!-- MobileEvents.longClickGestures -->
