<?xml version="1.0" encoding="UTF-8"?>
<!-- Generated by org.testng.reporters.JUnitReportReporter -->
<testsuite hostname="Nitins-MacBook-Pro.local" failures="0" tests="1" name="CreateAppiumServerConnections.CreateAppiumServerConnectionWithDesiredCapabilities" time="6.750" errors="0" timestamp="2025-03-10T22:27:39 IST" skipped="0">
  <testcase classname="CreateAppiumServerConnections.CreateAppiumServerConnectionWithDesiredCapabilities" name="createConnectionWithDC" time="6.750"/>
</testsuite> <!-- CreateAppiumServerConnections.CreateAppiumServerConnectionWithDesiredCapabilities -->
