<?xml version="1.0" encoding="UTF-8"?>
<!-- Generated by org.testng.reporters.JUnitReportReporter -->
<testsuite hostname="Nitins-MacBook-Pro.local" failures="0" tests="1" name="MobileEvents.swipeGestures" time="10.221" errors="0" timestamp="2025-03-13T20:26:31 IST" skipped="0">
  <testcase classname="MobileEvents.swipeGestures" name="testSwipeGestures" time="10.221"/>
</testsuite> <!-- MobileEvents.swipeGestures -->
