<?xml version="1.0" encoding="UTF-8"?>
<!-- Generated by org.testng.reporters.JUnitReportReporter -->
<testsuite hostname="Nitins-MacBook-Pro.local" failures="0" tests="1" name="MobileEvents.DragGestures" time="9.215" errors="0" timestamp="2025-03-13T20:58:06 IST" skipped="0">
  <testcase classname="MobileEvents.DragGestures" name="testDragGestures" time="9.215"/>
</testsuite> <!-- MobileEvents.DragGestures -->
