<?xml version="1.0" encoding="UTF-8"?>
<!-- Generated by org.testng.reporters.JUnitReportReporter -->
<testsuite hostname="Nitins-MacBook-Pro.local" failures="0" tests="1" name="MobileEvents.KeyEventClassDemo" time="13.522" errors="0" timestamp="2025-03-13T17:09:07 IST" skipped="0">
  <testcase classname="MobileEvents.KeyEventClassDemo" name="testVirtualKeyboard" time="13.522"/>
</testsuite> <!-- MobileEvents.KeyEventClassDemo -->
