<?xml version="1.0" encoding="UTF-8"?>
<!-- Generated by org.testng.reporters.JUnitReportReporter -->
<testsuite hostname="Nitins-MacBook-Pro.local" failures="0" tests="1" name="CreateAppiumServerConnections.CreateSessionUsingAppPackageActivity" time="4.963" errors="0" timestamp="2025-03-13T18:33:53 IST" skipped="0">
  <testcase classname="CreateAppiumServerConnections.CreateSessionUsingAppPackageActivity" name="createNewSession" time="4.963"/>
</testsuite> <!-- CreateAppiumServerConnections.CreateSessionUsingAppPackageActivity -->
