<?xml version="1.0" encoding="UTF-8"?>
<!-- Generated by org.testng.reporters.JUnitReportReporter -->
<testsuite hostname="Nitins-MacBook-Pro.local" failures="0" tests="1" name="MobileEvents.SwipeGesture" time="9.529" errors="0" timestamp="2025-03-13T16:29:33 IST" skipped="0">
  <testcase classname="MobileEvents.SwipeGesture" name="testSwipeGesture" time="9.529"/>
</testsuite> <!-- MobileEvents.SwipeGesture -->
