<?xml version="1.0" encoding="UTF-8"?>
<!-- Generated by org.testng.reporters.JUnitReportReporter -->
<testsuite hostname="Nitins-MacBook-Pro.local" failures="0" tests="1" name="AndroidDevicesandAppiumFunctionsl.lock_UnclockFuctionsDevices" time="11.102" errors="0" timestamp="2025-03-13T21:21:39 IST" skipped="0">
  <testcase classname="AndroidDevicesandAppiumFunctionsl.lock_UnclockFuctionsDevices" name="testDevicesFunctions" time="11.102"/>
</testsuite> <!-- AndroidDevicesandAppiumFunctionsl.lock_UnclockFuctionsDevices -->
