<?xml version="1.0" encoding="UTF-8"?>
<!-- Generated by org.testng.reporters.JUnitReportReporter -->
<testsuite hostname="Nitins-MacBook-Pro.local" failures="0" tests="1" name="mobileScenarios.ScrollGesture" time="9.932" errors="0" timestamp="2025-03-12T16:28:20 IST" skipped="0">
  <testcase classname="mobileScenarios.ScrollGesture" name="testScroll" time="9.932"/>
</testsuite> <!-- mobileScenarios.ScrollGesture -->
