<?xml version="1.0" encoding="UTF-8"?>
<!-- Generated by org.testng.reporters.JUnitReportReporter -->
<testsuite hostname="Nitins-MacBook-Pro.local" failures="0" tests="1" name="locatorStrategy.testMobileLocator" time="34.148" errors="0" timestamp="2025-03-12T21:32:12 IST" skipped="0">
  <testcase classname="locatorStrategy.testMobileLocator" name="testLocator" time="34.148"/>
</testsuite> <!-- locatorStrategy.testMobileLocator -->
