<?xml version="1.0" encoding="UTF-8"?>
<!-- Generated by org.testng.reporters.JUnitReportReporter -->
<testsuite hostname="Nitins-MacBook-Pro.local" failures="0" tests="1" name="httpsAPIMethods.queryParameterTest" time="2.405" errors="0" timestamp="2025-03-05T22:23:55 IST" skipped="0">
  <testcase classname="httpsAPIMethods.queryParameterTest" name="queryPathParameter" time="2.405"/>
  <system-out/>
</testsuite> <!-- httpsAPIMethods.queryParameterTest -->
