<?xml version="1.0" encoding="UTF-8"?>
<!-- Generated by org.testng.reporters.JUnitReportReporter -->
<testsuite hostname="Nitins-MacBook-Pro.local" failures="0" tests="1" name="com.APITest.GetRequest_Latest" time="2.831" errors="0" timestamp="2025-03-05T19:07:56 IST" skipped="0">
  <testcase classname="com.APITest.GetRequest_Latest" name="singleUserRequest" time="2.831"/>
  <system-out/>
</testsuite> <!-- com.APITest.GetRequest_Latest -->
