<?xml version="1.0" encoding="UTF-8"?>
<!-- Generated by org.testng.reporters.JUnitReportReporter -->
<testsuite hostname="Nitins-MacBook-Pro.local" failures="0" tests="1" name="httpsAPIMethods.HeadersTest" time="2.096" errors="0" timestamp="2025-03-05T22:33:48 IST" skipped="0">
  <testcase classname="httpsAPIMethods.HeadersTest" name="getSpecificHeaderFromResponse" time="2.096"/>
  <system-out/>
</testsuite> <!-- httpsAPIMethods.HeadersTest -->
