<?xml version="1.0" encoding="UTF-8"?>
<!-- Generated by org.testng.reporters.JUnitReportReporter -->
<testsuite hostname="Nitins-MacBook-Pro.local" failures="0" tests="1" name="httpsAPIMethods.postRequestWithPayloads" time="2.932" errors="0" timestamp="2025-03-05T21:48:13 IST" skipped="0">
  <testcase classname="httpsAPIMethods.postRequestWithPayloads" name="postRequestPojoData" time="2.932"/>
  <system-out/>
</testsuite> <!-- httpsAPIMethods.postRequestWithPayloads -->
