<?xml version="1.0" encoding="UTF-8"?>
<!-- Generated by org.testng.reporters.JUnitReportReporter -->
<testsuite hostname="Nitins-MacBook-Pro.local" failures="0" tests="1" name="com.APITest.jsonValidationTest" time="3.057" errors="0" timestamp="2025-03-03T22:25:58 IST" skipped="0">
  <testcase classname="com.APITest.jsonValidationTest" name="singleUserTest" time="3.057"/>
  <system-out/>
</testsuite> <!-- com.APITest.jsonValidationTest -->
