<?xml version="1.0" encoding="UTF-8"?>
<!-- Generated by org.testng.reporters.JUnitReportReporter -->
<testsuite hostname="Nitins-MacBook-Pro.local" failures="0" tests="1" name="authenticationTypes.BearerTokenAuthentication" time="2.850" errors="0" timestamp="2025-03-06T21:55:15 IST" skipped="0">
  <testcase classname="authenticationTypes.BearerTokenAuthentication" name="bearerTokenTest" time="2.850"/>
  <system-out/>
</testsuite> <!-- authenticationTypes.BearerTokenAuthentication -->
