<?xml version="1.0" encoding="UTF-8"?>
<!-- Generated by org.testng.reporters.JUnitReportReporter -->
<testsuite hostname="Nitins-MacBook-Pro.local" failures="0" tests="1" name="httpsAPIMethods.Serialization_DeSeralization" time="0.212" errors="0" timestamp="2025-03-06T21:09:12 IST" skipped="0">
  <testcase classname="httpsAPIMethods.Serialization_DeSeralization" name="deSerializationTest" time="0.212"/>
  <system-out/>
</testsuite> <!-- httpsAPIMethods.Serialization_DeSeralization -->
