<?xml version="1.0" encoding="UTF-8"?>
<!-- Generated by org.testng.reporters.JUnitReportReporter -->
<testsuite hostname="Nitins-MacBook-Pro.local" failures="0" tests="1" name="httpsAPIMethods.HeadersTest" time="3.830" errors="0" timestamp="2025-03-06T19:38:14 IST" skipped="0">
  <testcase classname="httpsAPIMethods.HeadersTest" name="testDigestAuth" time="3.830"/>
  <system-out/>
</testsuite> <!-- httpsAPIMethods.HeadersTest -->
