<?xml version="1.0" encoding="UTF-8"?>
<!-- Generated by org.testng.reporters.JUnitReportReporter -->
<testsuite hostname="Nitins-MacBook-Pro.local" failures="0" tests="1" name="authenticationTypes.baseicAuthentication" time="4.392" errors="0" timestamp="2025-03-06T21:32:25 IST" skipped="0">
  <testcase classname="authenticationTypes.baseicAuthentication" name="testbaseAuth" time="4.392"/>
  <system-out/>
</testsuite> <!-- authenticationTypes.baseicAuthentication -->
