<?xml version="1.0" encoding="UTF-8"?>
<!-- Generated by org.testng.reporters.JUnitReportReporter -->
<testsuite hostname="Nitins-MacBook-Pro.local" failures="0" tests="1" name="com.APITest.PostRequest" time="2.679" errors="0" timestamp="2025-03-05T19:10:11 IST" skipped="0">
  <testcase classname="com.APITest.PostRequest" name="patch_POJO" time="2.679"/>
  <system-out/>
</testsuite> <!-- com.APITest.PostRequest -->
