<?xml version="1.0" encoding="UTF-8"?>
<!-- Generated by org.testng.reporters.JUnitReportReporter -->
<testsuite hostname="Nitins-MacBook-Pro.local" failures="0" tests="1" name="authenticationTypes.DigestAuthentication" time="4.414" errors="0" timestamp="2025-03-06T21:36:28 IST" skipped="0">
  <testcase classname="authenticationTypes.DigestAuthentication" name="testDigesrAuth" time="4.414"/>
  <system-out/>
</testsuite> <!-- authenticationTypes.DigestAuthentication -->
