<?xml version="1.0" encoding="UTF-8"?>
<!-- Generated by org.testng.reporters.JUnitReportReporter -->
<testsuite hostname="Nitins-MacBook-Pro.local" failures="0" tests="1" name="httpsAPIMethods.HeadersTest$TestAuthenticationTypes" time="5.040" errors="0" timestamp="2025-03-06T19:36:49 IST" skipped="0">
  <testcase classname="httpsAPIMethods.HeadersTest$TestAuthenticationTypes" name="testBasicAuth" time="5.040"/>
  <system-out/>
</testsuite> <!-- httpsAPIMethods.HeadersTest$TestAuthenticationTypes -->
