<?xml version="1.0" encoding="UTF-8"?>
<!-- Generated by org.testng.reporters.JUnitReportReporter -->
<testsuite hostname="Nitins-MacBook-Pro.local" failures="0" tests="1" name="com.APITest.FirstAPITest" time="2.696" errors="0" timestamp="2025-03-03T22:11:15 IST" skipped="0">
  <testcase classname="com.APITest.FirstAPITest" name="testSingleListUser" time="2.696"/>
  <system-out/>
</testsuite> <!-- com.APITest.FirstAPITest -->
